[0.377s] Invoking command in '/home/thxssio/Documents/webots_ws/src/my_package': PYTHONPATH=/home/thxssio/Documents/webots_ws/build/my_package/prefix_override:/home/thxssio/Documents/webots_ws/install/my_package/lib/python3.10/site-packages:${PYTHONPATH} /usr/bin/python3 setup.py egg_info --egg-base ../../build/my_package build --build-base /home/thxssio/Documents/webots_ws/build/my_package/build install --record /home/thxssio/Documents/webots_ws/build/my_package/install.log --single-version-externally-managed
[0.492s] running egg_info
[0.493s] creating ../../build/my_package/my_package.egg-info
[0.493s] writing ../../build/my_package/my_package.egg-info/PKG-INFO
[0.493s] writing dependency_links to ../../build/my_package/my_package.egg-info/dependency_links.txt
[0.493s] writing entry points to ../../build/my_package/my_package.egg-info/entry_points.txt
[0.493s] writing requirements to ../../build/my_package/my_package.egg-info/requires.txt
[0.493s] writing top-level names to ../../build/my_package/my_package.egg-info/top_level.txt
[0.493s] writing manifest file '../../build/my_package/my_package.egg-info/SOURCES.txt'
[0.494s] reading manifest file '../../build/my_package/my_package.egg-info/SOURCES.txt'
[0.494s] writing manifest file '../../build/my_package/my_package.egg-info/SOURCES.txt'
[0.495s] running build
[0.495s] running build_py
[0.495s] creating /home/thxssio/Documents/webots_ws/build/my_package/build
[0.495s] creating /home/thxssio/Documents/webots_ws/build/my_package/build/lib
[0.495s] creating /home/thxssio/Documents/webots_ws/build/my_package/build/lib/my_package
[0.495s] copying my_package/my_robot_driver.py -> /home/thxssio/Documents/webots_ws/build/my_package/build/lib/my_package
[0.495s] copying my_package/__init__.py -> /home/thxssio/Documents/webots_ws/build/my_package/build/lib/my_package
[0.495s] running install
[0.500s] /usr/lib/python3/dist-packages/setuptools/command/install.py:34: SetuptoolsDeprecationWarning: setup.py install is deprecated. Use build and pip and other standards-based tools.
[0.500s]   warnings.warn(
[0.500s] running install_lib
[0.500s] creating /home/thxssio/Documents/webots_ws/install/my_package/lib/python3.10/site-packages/my_package
[0.500s] copying /home/thxssio/Documents/webots_ws/build/my_package/build/lib/my_package/my_robot_driver.py -> /home/thxssio/Documents/webots_ws/install/my_package/lib/python3.10/site-packages/my_package
[0.500s] copying /home/thxssio/Documents/webots_ws/build/my_package/build/lib/my_package/__init__.py -> /home/thxssio/Documents/webots_ws/install/my_package/lib/python3.10/site-packages/my_package
[0.500s] byte-compiling /home/thxssio/Documents/webots_ws/install/my_package/lib/python3.10/site-packages/my_package/my_robot_driver.py to my_robot_driver.cpython-310.pyc
[0.501s] byte-compiling /home/thxssio/Documents/webots_ws/install/my_package/lib/python3.10/site-packages/my_package/__init__.py to __init__.cpython-310.pyc
[0.501s] running install_data
[0.501s] creating /home/thxssio/Documents/webots_ws/install/my_package/share/ament_index
[0.501s] creating /home/thxssio/Documents/webots_ws/install/my_package/share/ament_index/resource_index
[0.501s] creating /home/thxssio/Documents/webots_ws/install/my_package/share/ament_index/resource_index/packages
[0.501s] copying resource/my_package -> /home/thxssio/Documents/webots_ws/install/my_package/share/ament_index/resource_index/packages
[0.501s] creating /home/thxssio/Documents/webots_ws/install/my_package/share/my_package/launch
[0.501s] copying launch/robot_launch.py -> /home/thxssio/Documents/webots_ws/install/my_package/share/my_package/launch
[0.501s] creating /home/thxssio/Documents/webots_ws/install/my_package/share/my_package/worlds
[0.501s] copying worlds/my_world.wbt -> /home/thxssio/Documents/webots_ws/install/my_package/share/my_package/worlds
[0.501s] creating /home/thxssio/Documents/webots_ws/install/my_package/share/my_package/resource
[0.501s] copying resource/my_robot.urdf -> /home/thxssio/Documents/webots_ws/install/my_package/share/my_package/resource
[0.501s] copying package.xml -> /home/thxssio/Documents/webots_ws/install/my_package/share/my_package
[0.501s] running install_egg_info
[0.502s] Copying ../../build/my_package/my_package.egg-info to /home/thxssio/Documents/webots_ws/install/my_package/lib/python3.10/site-packages/my_package-0.0.0-py3.10.egg-info
[0.502s] running install_scripts
[0.514s] Installing my_robot_driver script to /home/thxssio/Documents/webots_ws/install/my_package/lib/my_package
[0.514s] writing list of installed files to '/home/thxssio/Documents/webots_ws/build/my_package/install.log'
[0.526s] Invoked command in '/home/thxssio/Documents/webots_ws/src/my_package' returned '0': PYTHONPATH=/home/thxssio/Documents/webots_ws/build/my_package/prefix_override:/home/thxssio/Documents/webots_ws/install/my_package/lib/python3.10/site-packages:${PYTHONPATH} /usr/bin/python3 setup.py egg_info --egg-base ../../build/my_package build --build-base /home/thxssio/Documents/webots_ws/build/my_package/build install --record /home/thxssio/Documents/webots_ws/build/my_package/install.log --single-version-externally-managed
